################################################################################
#
# This file has been generated by SpyGlass:
#     Report Created by: dice12
#     Report Created on: Sat Dec 21 23:08:22 2024
#     Working Directory: /mnt/home/dice12/dice/proj3/spy/pj3
#     Report Location  : ./spyglass-1/lint/lint_functional_rtl/spyglass_reports/auto-verify/auto_verify.rpt
#     SpyGlass Version : SpyGlass_vQ-2020.03-SP2-3
#     Policy Name      : auto-verify(SpyGlass_vQ-2020.03-SP2-03)
#     Comment          : Generated by auto-verify
#
################################################################################


################################################################################
#
# Purpose: 
#   This report contains the functional analysis statistics of a design.
#
# Format: 
#   It contains the following sections :
#   Section A: Run Parameters
#     Lists the parameters specified in the current run
#   Section B: Clock Information
#     Lists the clock information of the design 
#   Section C: Reset Information
#     Lists the reset information of the design 
#   Section D: Set-Case Analysis Settings
#     Lists the set case analysis settings used in the design 
#   Section E: Initial State of the Design
#     Lists the initial-state statistics of the design along with the 
#     reset percentage. The initial state of each register can be seen 
#     in auto_verify.reg file.
#   Section F: Results Summary (Current) 
#     Lists the statistics of the assertions formed for each rule.
#   Section G: Results Summary (Cumulative) 
#     Lists the summary of cumulative set of assertions formed in the current 
#     run and the information of earlier runs in the property file. This section 
#     is printed when you specify a property file using the -propfile 
#     command-line option.
#   Section H: Assertion Details
#     Lists the assertion details.
################################################################################

##########################################################################################################

					Section A: Run Parameters
					-------------------------

				nocheckoverflow          :     yes

##########################################################################################################

					Section B: Clock Information
					----------------------------

(clock): (period); (Clock Source); (rising/falling); (edgeList); (no. of flops on posedge); (no. of flops on negedge)
-----------------------------------------------------------------------------------------------------
TOP.CLK: 15.000000; SGDC; Rising; (0.0, 5.0); 24473; 0

Design Cycle: 2(1)

##########################################################################################################


					Section E: Initial State of the Design 
					-------------------------------------- 

Total no of sequential elements: 24473
No of '1's: 0
No of '0's: 0
No of 'x's: 24473
RESET PERCENTAGE for root 'TOP'(24473 sequential elements) is '0.00%'

##########################################################################################################


					Section F: Results Summary (Current)  
					------------------------------------ 

----------------------------------------------------------------------------------------------------------------------
RuleName                  Passed         Failed         Partially Proved           Not Analyzed         Others         Total
                                                        (Average Depth) 
----------------------------------------------------------------------------------------------------------------------
----------------------------------------------------------------------------------------------------------------------
Total                        0              0                   0                        0                0              0              
----------------------------------------------------------------------------------------------------------------------

##########################################################################################################


					Section G: Results Summary (Cumulative)  
					---------------------------------------

				 NOT APPLICABLE (AS NO PROPERTY FILE PASSED)

##########################################################################################################

