
################################################################################
#
# This file has been generated by SpyGlass:
#     Report Name      : no_msg_reporting_rules
#     Report Created by: dice12
#     Report Created on:  Sat Dec 21 23:07:44 2024
#     Working Directory: /mnt/home/dice12/dice/proj3/spy/pj3
#     SpyGlass Version : SpyGlass_vQ-2020.03-SP2-3
#     Policy Name      : SpyGlass(SpyGlass_vQ-2020.03-SP2-03)
#                        auto-verify(SpyGlass_vQ-2020.03-SP2-03)
#
#     Total Number of Generated Messages :         11
#     Number of Waived Messages          :          0
#     Number of Reported Messages        :         11
#     Number of Overlimit Messages       :          0
#
#
################################################################################

NO VIOLATION RULE REPORT :
++++++++++++++++++++++++++++++++++++++++++++++++++++++++++++++++++++++++++++++++

Following rules did not produce any violation or waived off during spyglass run

++++++++++++++++++++++++++++++++++++++++++++++++++++++++++++++++++++++++++++++++


================================================================================
	INDEX                                   RULE-NAME
================================================================================
	1                                  Av_case_default_missing
	2                                  Av_case_default_redundant
	3                                  Av_dontcare_mismatch
	4                                  Av_signed_unsigned_mismatch
	5                                  Av_width_mismatch_assign
	6                                  Av_width_mismatch_case
	7                                  Av_width_mismatch_expr
	8                                  Av_width_mismatch_expr02
	9                                  Av_width_mismatch_expr03
	10                                 Av_width_mismatch_function
	11                                 Av_width_mismatch_port
================================================================================
