
################################################################################
#
# This file has been generated by SpyGlass:
#     Report Name      : moresimple
#     Report Created by: dice12
#     Report Created on:  Sat Dec 21 23:11:11 2024
#     Working Directory: /mnt/home/dice12/dice/proj3/spy/pj3
#     SpyGlass Version : SpyGlass_vQ-2020.03-SP2-3
#     Policy Name      : SpyGlass(SpyGlass_vQ-2020.03-SP2-03)
#                        power_est(SpyGlass_vQ-2020.03)
#
#     Total Number of Generated Messages :          1
#     Number of Waived Messages          :          0
#     Number of Reported Messages        :          1
#     Number of Overlimit Messages       :          0
#
#
################################################################################

+++++++++++++++++++++++++++++++++++++++++++++++++++++++++++++++++++++++
MORESIMPLE REPORT:
############### FATAL MESSAGES ############### 
+++++++++++++++++++++++++++++++++++++++++++++++++++++++++++++++++++++++++++++++++
ID       Rule         Alias    Severity    File    Line    Wt    Message
======================================================================================
[0]      PECHECK28             FATAL       N.A.    0       10    Could not check out the license token 'adv_power_rednso'/power_cge_regr needed for the Advanced Power Reduction Rules
+++++++++++++++++++++++++++++++++++++++++++++++++++++++++++++++++++++++++++++++++++++++
