################################################################################
#
# This file has been generated by SpyGlass:
#     Report Created by: dice12
#     Report Created on: Sat Dec 21 22:50:26 2024
#     Working Directory: /mnt/home/dice12/dice/proj3/spy/pj3
#     Report Location  : ./pj3/TOP/constraints/sdc_audit/spyglass_reports/SpyGlass/elab_summary.rpt
#     SpyGlass Version : SpyGlass_vQ-2020.03-SP2-3
#     Policy Name      : SpyGlass(SpyGlass_vQ-2020.03-SP2-03)
#     Comment          : This report contains RTL and Elaborated names along with parameter values
#
################################################################################

================================================================================
Elaborated Name: 'fp16_to_mxint'
    (RTL Design Unit name: 'fp16_to_mxint', ./../../rtl/LAB3/fp16_to_mxint.v:1)
     Parameters (Total: 1)
         SF = 4 (default: 4)
     Instances (Total: 8): TOP.MX5, TOP.MX4, TOP.MX3, TOP.MX2, TOP.MX1  ... more

================================================================================

Elaborated Name: 'get_shared_exp'
    (RTL Design Unit name: 'get_shared_exp', ./../../rtl/LAB3/get_shared_exp.v:1)
     Parameters (Total: 0)
     Instances (Total: 8): TOP.MX5.u_get_shared_exp, TOP.MX4.u_get_shared_exp, TOP.MX3.u_get_shared_exp, TOP.MX2.u_get_shared_exp, TOP.MX1.u_get_shared_exp  ... more

================================================================================

Elaborated Name: 'exp_tree'
    (RTL Design Unit name: 'exp_tree', ./../../rtl/LAB3/exp_tree.v:1)
     Parameters (Total: 0)
     Instances (Total: 128): TOP.MX0.u_get_shared_exp.exp_tree_6, TOP.MX0.u_get_shared_exp.exp_tree_5, TOP.MX0.u_get_shared_exp.exp_tree_4, TOP.MX0.u_get_shared_exp.exp_tree_3, TOP.MX0.u_get_shared_exp.exp_tree_2  ... more

================================================================================

Elaborated Name: 'exp_tree_next'
    (RTL Design Unit name: 'exp_tree_next', ./../../rtl/LAB3/exp_tree_next.v:1)
     Parameters (Total: 0)
     Instances (Total: 120): TOP.MX0.u_get_shared_exp.exp_tree_second_6, TOP.MX0.u_get_shared_exp.exp_tree_second_5, TOP.MX0.u_get_shared_exp.exp_tree_second_4, TOP.MX0.u_get_shared_exp.exp_tree_second_3, TOP.MX0.u_get_shared_exp.exp_tree_second_2  ... more

================================================================================

Elaborated Name: 'stair_array'
    (RTL Design Unit name: 'stair_array', ./../../rtl/LAB3/stair_array.v:1)
     Parameters (Total: 0)
     Instances (Total: 1): TOP.ST1 

================================================================================

Elaborated Name: 'PE'
    (RTL Design Unit name: 'PE', ./../../rtl/LAB3/PE.v:1)
     Parameters (Total: 2)
         SA          = 6 (default: 6)
         FIXED_POINT = 8 (default: 8)
     Instances (Total: 28): TOP.ST1.P13, TOP.ST1.P14, TOP.ST1.P15, TOP.ST1.P16, TOP.ST1.P17  ... more

================================================================================

Elaborated Name: 'output_buffer'
    (RTL Design Unit name: 'output_buffer', ./../../rtl/LAB3/output_buffer.v:1)
     Parameters (Total: 0)
     Instances (Total: 1): TOP.OB 

================================================================================

Elaborated Name: 'TOP'
    (RTL Design Unit name: 'TOP', ./../../rtl/LAB3/TOP.v:1)
     Parameters (Total: 0)
================================================================================
