
################################################################################
#
# This file has been generated by SpyGlass:
#     Report Name      : no_msg_reporting_rules
#     Report Created by: dice12
#     Report Created on:  Sat Dec 21 22:50:38 2024
#     Working Directory: /mnt/home/dice12/dice/proj3/spy/pj3
#     SpyGlass Version : SpyGlass_vQ-2020.03-SP2-3
#     Policy Name      : SpyGlass(SpyGlass_vQ-2020.03-SP2-03)
#                        constraints(SpyGlass_vQ-2020.03-SP2-03)
#
#     Total Number of Generated Messages :          2
#     Number of Waived Messages          :          0
#     Number of Reported Messages        :          2
#     Number of Overlimit Messages       :          0
#
#
################################################################################

NO VIOLATION RULE REPORT :
++++++++++++++++++++++++++++++++++++++++++++++++++++++++++++++++++++++++++++++++

Following rules did not produce any violation or waived off during spyglass run

++++++++++++++++++++++++++++++++++++++++++++++++++++++++++++++++++++++++++++++++


================================================================================
	INDEX                                   RULE-NAME
================================================================================
	1                                  False_Path01
	2                                  False_Path09
	3                                  MCP01
	4                                  MCP05
	5                                  SCG01
	6                                  SCG02
	7                                  SCG03
	8                                  SCG04
	9                                  SCG05
	10                                 Show_Case_Analysis
	11                                 Show_Clock_Propagation
	12                                 TE_Conflict01
================================================================================
