################################################################################
#
# This file has been generated by SpyGlass:
#     Report Created by: dice12
#     Report Created on: Sat Dec 21 22:48:58 2024
#     Working Directory: /mnt/home/dice12/dice/proj3/spy/pj3
#     Report Location  : ./pj3/TOP/lint/lint_rtl/spyglass_reports/SpyGlass/checksum.rpt
#     SpyGlass Version : SpyGlass_vQ-2020.03-SP2-3
#     Policy Name      : SpyGlass(SpyGlass_vQ-2020.03-SP2-03)
#     Comment          : This report contains md5sum of design file(s)
#
################################################################################

=====================================================================================
                         MD5SUM CHECKSUM OF DESIGN FILES 
=====================================================================================
MD5SUM CHECKSUM                   SOURCE              PATH OF DESIGN FILE       
-------------------------------------------------------------------------------------
4279798812a42a2d11715dfa75bf865e  1      /mnt/home/dice12/dice/proj3/rtl/LAB3/PE.v  
b52432081d1dcd4407dad6957f09a211  1      /mnt/home/dice12/dice/proj3/rtl/LAB3/exp_tree.v  
f080216718d98ece2db90f82e3a8e990  1      /mnt/home/dice12/dice/proj3/rtl/LAB3/exp_tree_next.v  
a0c7a0ebedeeb5fe49633cb043eece76  1      /mnt/home/dice12/dice/proj3/rtl/LAB3/get_shared_exp.v  
e773bd0b20c9a20cbd82fda3477ee702  1      /mnt/home/dice12/dice/proj3/rtl/LAB3/fp16_to_mxint.v  
7b46902bc5a55b9d6a44ffd47aeb35c3  1      /mnt/home/dice12/dice/proj3/rtl/LAB3/stair_array.v  
03c0436c20f3795c9de0258b40e1b00e  1      /mnt/home/dice12/dice/proj3/rtl/LAB3/output_buffer.v  
695c9088de5f3091ef2962a38ea3c4a2  1      /mnt/home/dice12/dice/proj3/rtl/LAB3/TOP.v  
