
################################################################################
#
# This file has been generated by SpyGlass:
#     Report Name      : no_msg_reporting_rules
#     Report Created by: dice12
#     Report Created on:  Sat Dec 21 23:09:48 2024
#     Working Directory: /mnt/home/dice12/dice/proj3/spy/pj3
#     SpyGlass Version : SpyGlass_vQ-2020.03-SP2-3
#     Policy Name      : SpyGlass(SpyGlass_vQ-2020.03-SP2-03)
#                        constraints(SpyGlass_vQ-2020.03-SP2-03)
#
#     Total Number of Generated Messages :          2
#     Number of Waived Messages          :          0
#     Number of Reported Messages        :          2
#     Number of Overlimit Messages       :          0
#
#
################################################################################

NO VIOLATION RULE REPORT :
++++++++++++++++++++++++++++++++++++++++++++++++++++++++++++++++++++++++++++++++

Following rules did not produce any violation or waived off during spyglass run

++++++++++++++++++++++++++++++++++++++++++++++++++++++++++++++++++++++++++++++++


================================================================================
	INDEX                                   RULE-NAME
================================================================================
	1                                  Clk_Gen21
	2                                  Clk_Trans16
	3                                  Clk_Uncert07
	4                                  Disable_Timing02
	5                                  False_Path03
	6                                  False_Path04a
	7                                  High_Fan03b
	8                                  High_Fan03a
	9                                  Inp_Del07a
	10                                 Inp_Del09
	11                                 MCP03
	12                                 MCP04a
	13                                 Op_Del07a
	14                                 Op_Del09
	15                                 SDC_Report01
	16                                 Show_Case_Analysis
	17                                 Show_Clock_Propagation
================================================================================
