
################################################################################
#
# This file has been generated by SpyGlass:
#     Report Name      : moresimple
#     Report Created by: dice12
#     Report Created on:  Sat Dec 21 23:09:55 2024
#     Working Directory: /mnt/home/dice12/dice/proj3/spy/pj3
#     SpyGlass Version : SpyGlass_vQ-2020.03-SP2-3
#     Policy Name      : SpyGlass(SpyGlass_vQ-2020.03-SP2-03)
#                        constraints(SpyGlass_vQ-2020.03-SP2-03)
#
#     Total Number of Generated Messages :          2
#     Number of Waived Messages          :          0
#     Number of Reported Messages        :          2
#     Number of Overlimit Messages       :          0
#
#
################################################################################

+++++++++++++++++++++++++++++++++++++++++++++++++++++++++++++++++++++++
MORESIMPLE REPORT:
############### FATAL MESSAGES ############### 
+++++++++++++++++++++++++++++++++++++++++++++++++++++++++++++++++++++++++++++++++
ID       Rule                 Alias    Severity    File    Line    Wt    Message
======================================================================================
[0]      Const_Sanity_Rule             FATAL       N.A.    0       10    No sgdc file specified
+++++++++++++++++++++++++++++++++++++++++++++++++++++++++++++++++++++++++++++++++++++++


############### BuiltIn -> RuleGroup=Design Read ###############
+++++++++++++++++++++++++++++++++++++++++++++++++++++++++++++++++++++++++++++++++++++++
ID       Rule           Alias          Severity    File                                                                                Line    Wt    Message
======================================================================================
[1]      ElabSummary    ElabSummary    Info        ./spyglass-1/constraints/sdc_abstract/spyglass_reports/SpyGlass/elab_summary.rpt    0       2     Please refer file './spyglass-1/constraints/sdc_abstract/spyglass_reports/SpyGlass/elab_summary.rpt' for elab summary report
+++++++++++++++++++++++++++++++++++++++++++++++++++++++++++++++++++++++++++++++++++++++
