
################################################################################
#
# This file has been generated by SpyGlass:
#     Report Name      : no_msg_reporting_rules
#     Report Created by: dice12
#     Report Created on:  Sat Dec 21 22:44:51 2024
#     Working Directory: /mnt/home/dice12/dice/proj3/spy/pj3
#     SpyGlass Version : SpyGlass_vQ-2020.03-SP2-3
#     Policy Name      : SpyGlass(SpyGlass_vQ-2020.03-SP2-03)
#
#     Total Number of Generated Messages :          2
#     Number of Waived Messages          :          0
#     Number of Reported Messages        :          2
#     Number of Overlimit Messages       :          0
#
#
################################################################################

NO VIOLATION RULE REPORT :
++++++++++++++++++++++++++++++++++++++++++++++++++++++++++++++++++++++++++++++++

Following rules did not produce any violation or waived off during spyglass run

++++++++++++++++++++++++++++++++++++++++++++++++++++++++++++++++++++++++++++++++


================================================================================
	INDEX                                   RULE-NAME
================================================================================
	1                                  ReportDeprecatedRules
	2                                  ReportObsoleteRules
	3                                  ZeroSizeFile
================================================================================
