
################################################################################
#
# This file has been generated by SpyGlass:
#     Report Name      : no_msg_reporting_rules
#     Report Created by: dice12
#     Report Created on:  Sat Dec 21 23:08:42 2024
#     Working Directory: /mnt/home/dice12/dice/proj3/spy/pj3
#     SpyGlass Version : SpyGlass_vQ-2020.03-SP2-3
#     Policy Name      : SpyGlass(SpyGlass_vQ-2020.03-SP2-03)
#                        clock-reset(SpyGlass_vQ-2020.03-SP2-03)
#                        lint(SpyGlass_vQ-2020.03-SP2-03)
#                        morelint(SpyGlass_vQ-2020.03-SP2-03)
#                        power_est(SpyGlass_vQ-2020.03)
#                        starc(SpyGlass_vQ-2020.03-SP2-03)
#                        txv(SpyGlass_vQ-2020.03-SP2-03)
#
#     Total Number of Generated Messages :         10
#     Number of Waived Messages          :          0
#     Number of Reported Messages        :         10
#     Number of Overlimit Messages       :          0
#
#
################################################################################

NO VIOLATION RULE REPORT :
++++++++++++++++++++++++++++++++++++++++++++++++++++++++++++++++++++++++++++++++

There are no rules which produce zero violation or completely waived off during spyglass run.

++++++++++++++++++++++++++++++++++++++++++++++++++++++++++++++++++++++++++++++++
